<?xml version="1.0" encoding="UTF-8"?>
<testsuite xmlns:xsi="http://www.w3.org/2001/XMLSchema-instance" xsi:noNamespaceSchemaLocation="https://maven.apache.org/surefire/maven-surefire-plugin/xsd/surefire-test-report-3.0.xsd" version="3.0" name="test.DemoTest" time="1.895" tests="2" errors="2" skipped="0" failures="0">
  <properties>
[...]
</properties>
  <testcase name="demo" classname="test.DemoTest" time="1.894">
    <error message="A session is either terminated or not started (WARNING: The server did not provide any stacktrace information)&#10;Command duration or timeout: 0 milliseconds&#10;Build info: version: &apos;3.141.59&apos;, revision: &apos;e82be7d358&apos;, time: &apos;2018-11-14T08:17:03&apos;&#10;System info: host: &apos;Sanket-Malis-MacBook-Pro.local&apos;, ip: &apos;fe80:0:0:0:107d:1177:d7af:266a%en0&apos;, os.name: &apos;Mac OS X&apos;, os.arch: &apos;x86_64&apos;, os.version: &apos;10.16&apos;, java.version: &apos;11.0.9.1&apos;&#10;Driver info: org.openqa.selenium.remote.RemoteWebDriver&#10;Capabilities {64bit: false, acceptSslCert: false, acceptSslCerts: false, automationName: XCUITest, bootstrapPath: /usr/local/.browserstack/co..., browser: iphone, browserName: safari, browser_name: iPhone, browserstack.appium_version: 1.17.0, browserstack.isTargetBased: true, browserstack.is_hub_canary: false, buildName: build 1, databaseEnabled: false, detected_language: selenium/3.141.59 (java mac), device: iphone, deviceName: iPhone 11, deviceOrientation: PORTRAIT, javascriptEnabled: true, locationContextEnabled: false, mobile: {browser: mobile, version: iPhone 11-14.0}, networkConnectionEnabled: false, newCommandTimeout: 0, new_bucketing: true, noReset: true, orientation: PORTRAIT, orig_os: ios, osVersion: 14.0, os_version: 14.0, platform: MAC, platformName: MAC, realMobile: true, real_mobile: true, safariIgnoreFraudWarning: true, safariInitialUrl: http://mobile-internet-chec..., takesScreenshot: true, udid: 00008030-000871C92161802E, useXctestrunFile: true, version: , wda_port: 8404, webStorageEnabled: false, webkitResponseTimeout: 20000}&#10;Session ID: 8813694564125adb7933fd27f85ae6c3edc98d99" type="org.openqa.selenium.NoSuchSessionException"><![CDATA[org.openqa.selenium.NoSuchSessionException: 
A session is either terminated or not started (WARNING: The server did not provide any stacktrace information)
Command duration or timeout: 0 milliseconds
Build info: version: '3.141.59', revision: 'e82be7d358', time: '2018-11-14T08:17:03'
System info: host: 'Sanket-Malis-MacBook-Pro.local', ip: 'fe80:0:0:0:107d:1177:d7af:266a%en0', os.name: 'Mac OS X', os.arch: 'x86_64', os.version: '10.16', java.version: '11.0.9.1'
Driver info: org.openqa.selenium.remote.RemoteWebDriver
Capabilities {64bit: false, acceptSslCert: false, acceptSslCerts: false, automationName: XCUITest, bootstrapPath: /usr/local/.browserstack/co..., browser: iphone, browserName: safari, browser_name: iPhone, browserstack.appium_version: 1.17.0, browserstack.isTargetBased: true, browserstack.is_hub_canary: false, buildName: build 1, databaseEnabled: false, detected_language: selenium/3.141.59 (java mac), device: iphone, deviceName: iPhone 11, deviceOrientation: PORTRAIT, javascriptEnabled: true, locationContextEnabled: false, mobile: {browser: mobile, version: iPhone 11-14.0}, networkConnectionEnabled: false, newCommandTimeout: 0, new_bucketing: true, noReset: true, orientation: PORTRAIT, orig_os: ios, osVersion: 14.0, os_version: 14.0, platform: MAC, platformName: MAC, realMobile: true, real_mobile: true, safariIgnoreFraudWarning: true, safariInitialUrl: http://mobile-internet-chec..., takesScreenshot: true, udid: 00008030-000871C92161802E, useXctestrunFile: true, version: , wda_port: 8404, webStorageEnabled: false, webkitResponseTimeout: 20000}
Session ID: 8813694564125adb7933fd27f85ae6c3edc98d99
	at test.DemoTest.demo(DemoTest.java:31)
]]></error>
  </testcase>
  <testcase name="demo" classname="test.DemoTest" time="0">
    <error message="Error communicating with the remote browser. It may have died.&#10;Build info: version: &apos;3.141.59&apos;, revision: &apos;e82be7d358&apos;, time: &apos;2018-11-14T08:17:03&apos;&#10;System info: host: &apos;Sanket-Malis-MacBook-Pro.local&apos;, ip: &apos;fe80:0:0:0:107d:1177:d7af:266a%en0&apos;, os.name: &apos;Mac OS X&apos;, os.arch: &apos;x86_64&apos;, os.version: &apos;10.16&apos;, java.version: &apos;11.0.9.1&apos;&#10;Driver info: driver.version: RemoteWebDriver&#10;Capabilities {64bit: false, acceptSslCert: false, acceptSslCerts: false, automationName: XCUITest, bootstrapPath: /usr/local/.browserstack/co..., browser: iphone, browserName: safari, browser_name: iPhone, browserstack.appium_version: 1.17.0, browserstack.isTargetBased: true, browserstack.is_hub_canary: false, buildName: build 1, databaseEnabled: false, detected_language: selenium/3.141.59 (java mac), device: iphone, deviceName: iPhone 11, deviceOrientation: PORTRAIT, javascriptEnabled: true, locationContextEnabled: false, mobile: {browser: mobile, version: iPhone 11-14.0}, networkConnectionEnabled: false, newCommandTimeout: 0, new_bucketing: true, noReset: true, orientation: PORTRAIT, orig_os: ios, osVersion: 14.0, os_version: 14.0, platform: MAC, platformName: MAC, realMobile: true, real_mobile: true, safariIgnoreFraudWarning: true, safariInitialUrl: http://mobile-internet-chec..., takesScreenshot: true, udid: 00008030-000871C92161802E, useXctestrunFile: true, version: , wda_port: 8404, webStorageEnabled: false, webkitResponseTimeout: 20000}&#10;Session ID: 8813694564125adb7933fd27f85ae6c3edc98d99" type="org.openqa.selenium.remote.UnreachableBrowserException"><![CDATA[org.openqa.selenium.remote.UnreachableBrowserException: 
Error communicating with the remote browser. It may have died.
Build info: version: '3.141.59', revision: 'e82be7d358', time: '2018-11-14T08:17:03'
System info: host: 'Sanket-Malis-MacBook-Pro.local', ip: 'fe80:0:0:0:107d:1177:d7af:266a%en0', os.name: 'Mac OS X', os.arch: 'x86_64', os.version: '10.16', java.version: '11.0.9.1'
Driver info: driver.version: RemoteWebDriver
Capabilities {64bit: false, acceptSslCert: false, acceptSslCerts: false, automationName: XCUITest, bootstrapPath: /usr/local/.browserstack/co..., browser: iphone, browserName: safari, browser_name: iPhone, browserstack.appium_version: 1.17.0, browserstack.isTargetBased: true, browserstack.is_hub_canary: false, buildName: build 1, databaseEnabled: false, detected_language: selenium/3.141.59 (java mac), device: iphone, deviceName: iPhone 11, deviceOrientation: PORTRAIT, javascriptEnabled: true, locationContextEnabled: false, mobile: {browser: mobile, version: iPhone 11-14.0}, networkConnectionEnabled: false, newCommandTimeout: 0, new_bucketing: true, noReset: true, orientation: PORTRAIT, orig_os: ios, osVersion: 14.0, os_version: 14.0, platform: MAC, platformName: MAC, realMobile: true, real_mobile: true, safariIgnoreFraudWarning: true, safariInitialUrl: http://mobile-internet-chec..., takesScreenshot: true, udid: 00008030-000871C92161802E, useXctestrunFile: true, version: , wda_port: 8404, webStorageEnabled: false, webkitResponseTimeout: 20000}
Session ID: 8813694564125adb7933fd27f85ae6c3edc98d99
	at test.DemoTest.tearDown(DemoTest.java:35)
Caused by: java.lang.IllegalArgumentException: Cannot decode response content: 
	at test.DemoTest.tearDown(DemoTest.java:35)
Caused by: org.openqa.selenium.json.JsonException: 
Expected to read a START_MAP but instead have: END. Last 0 characters read: 
Build info: version: '3.141.59', revision: 'e82be7d358', time: '2018-11-14T08:17:03'
System info: host: 'Sanket-Malis-MacBook-Pro.local', ip: 'fe80:0:0:0:107d:1177:d7af:266a%en0', os.name: 'Mac OS X', os.arch: 'x86_64', os.version: '10.16', java.version: '11.0.9.1'
Driver info: driver.version: RemoteWebDriver
	at test.DemoTest.tearDown(DemoTest.java:35)
]]></error>
  </testcase>
</testsuite>